<?xml version="1.0" encoding="UTF-8"?>
<testsuite xmlns:xsi="http://www.w3.org/2001/XMLSchema-instance" xsi:noNamespaceSchemaLocation="https://maven.apache.org/surefire/maven-surefire-plugin/xsd/surefire-test-report.xsd" name="com.sg.flooringmastery.model.dao.FlooringOrderDaoFileImplTest" time="0.007" tests="4" errors="0" skipped="0" failures="0">
  <properties>
[...]
</properties>
  <testcase name="addGetAllOrdersTest" classname="com.sg.flooringmastery.model.dao.FlooringOrderDaoFileImplTest" time="0"/>
  <testcase name="addUpdateOrderTest" classname="com.sg.flooringmastery.model.dao.FlooringOrderDaoFileImplTest" time="0"/>
  <testcase name="addRemoveOrderTest" classname="com.sg.flooringmastery.model.dao.FlooringOrderDaoFileImplTest" time="0"/>
  <testcase name="addGetOneOrderTest" classname="com.sg.flooringmastery.model.dao.FlooringOrderDaoFileImplTest" time="0"/>
</testsuite>